2019/03/13 15:22:03 - INFO - start test
2019/03/13 15:22:03 - INFO - Find element by: ('xpath', '//*[@id="kw"]')
2019/03/13 15:22:03 - INFO - Input Text: nihao ,To: ('xpath', '//*[@id="kw"]')
2019/03/13 15:22:03 - INFO - Find element by: ('xpath', '//*[@id="su"]')
2019/03/13 15:23:27 - INFO - start test
2019/03/13 15:23:27 - INFO - Find element by: ('xpath', '//*[@id="kw"]')
2019/03/13 15:23:27 - INFO - Input Text: nihao ,To: ('xpath', '//*[@id="kw"]')
2019/03/13 15:23:27 - INFO - Find element by: ('xpath', '//*[@id="su"]')
2019/03/13 15:24:59 - INFO - start test
2019/03/13 15:24:59 - INFO - Find element by: ('xpath', '//*[@id="kw"]')
2019/03/13 15:24:59 - INFO - Input Text: nihao ,To: ('xpath', '//*[@id="kw"]')
2019/03/13 15:24:59 - INFO - Find element by: ('xpath', '//*[@id="su"]')
2019/03/13 15:27:01 - INFO - start test
2019/03/13 15:27:01 - INFO - Find element by: ('xpath', '//*[@id="kw"]')
2019/03/13 15:27:01 - INFO - Input Text: nihao ,To: ('xpath', '//*[@id="kw"]')
2019/03/13 15:27:01 - INFO - Find element by: ('xpath', '//*[@id="su"]')
2019/03/13 15:27:28 - INFO - Current driver is: chrome
2019/03/13 15:27:31 - INFO - start test
2019/03/13 15:27:31 - INFO - Find element by: ('xpath', '//*[@id="kw"]')
2019/03/13 15:27:31 - INFO - Input Text: nihao ,To: ('xpath', '//*[@id="kw"]')
2019/03/13 15:27:31 - INFO - Find element by: ('xpath', '//*[@id="su"]')
2019/03/13 15:28:58 - INFO - Current driver is: chrome
2019/03/13 15:29:01 - INFO - start test
2019/03/13 15:29:01 - INFO - Find element by: ('xpath', '//*[@id="kw"]')
2019/03/13 15:29:01 - INFO - Input Text: nihao ,To: ('xpath', '//*[@id="kw"]')
2019/03/13 15:29:02 - INFO - Find element by: ('xpath', '//*[@id="su"]')
2019/03/13 15:29:02 - INFO - Click  ,By: ('xpath', '//*[@id="su"]')
2019/03/13 15:29:20 - INFO - Current driver is: chrome
2019/03/13 15:29:22 - INFO - Find element by: ('xpath', '//*[@id="kw"]')
2019/03/13 15:32:25 - INFO - Current driver is: chrome
2019/03/13 15:32:27 - INFO - Find element by: ('xpath', '//*[@id="kw"]')
2019/03/13 15:32:43 - INFO - Current driver is: chrome
2019/03/13 15:32:45 - INFO - Find element by: ('xpath', '//*[@id="kw"]')
2019/03/13 15:33:27 - INFO - Current driver is: chrome
2019/03/13 15:33:30 - INFO - Find element by: ('xpath', '//*[@id="kw"]')
2019/03/13 15:33:30 - INFO - Input Text: nihao ,To: ('xpath', '//*[@id="kw"]')
2019/03/13 15:33:31 - INFO - Find element by: ('xpath', '//*[@id="su"]')
2019/03/13 15:33:31 - INFO - Click  ,By: ('xpath', '//*[@id="su"]')
2019/03/13 15:45:01 - INFO - Current driver is: chrome
2019/03/13 15:45:04 - INFO - Find element by: ('xpath', '//*[@id="kw"]')
2019/03/13 15:45:04 - INFO - Input Text: nihao ,To: ('xpath', '//*[@id="kw"]')
2019/03/13 15:45:04 - INFO - Find element by: ('xpath', '//*[@id="su"]')
2019/03/13 15:45:04 - INFO - Click ,By: ('xpath', '//*[@id="su"]')
2019/03/13 15:46:36 - INFO - Current driver is: chrome
2019/03/13 15:46:39 - INFO - Find element by: ('xpath', '//*[@id="kw"]')
2019/03/13 15:46:39 - INFO - Input Text: nihao ,To: ('xpath', '//*[@id="kw"]')
2019/03/13 15:46:39 - INFO - Find element by: ('xpath', '//*[@id="su"]')
2019/03/13 15:46:39 - INFO - Click ,By: ('xpath', '//*[@id="su"]')
2019/03/13 15:50:37 - INFO - Current driver is: chrome
2019/03/13 15:50:40 - INFO - Find element by: ('xpath', '//*[@id="kw"]')
2019/03/13 15:50:41 - INFO - Input Text: nihao ,To: ('xpath', '//*[@id="kw"]')
2019/03/13 15:50:41 - INFO - Find element by: ('xpath', '//*[@id="su"]')
2019/03/13 15:50:41 - INFO - Click ,By: ('xpath', '//*[@id="su"]')
2019/03/13 15:52:36 - INFO - Current driver is: chrome
2019/03/13 15:52:49 - INFO - Current driver is: chrome
2019/03/13 15:52:53 - INFO - Find element by: ('xpath', '//*[@id="kw"]')
2019/03/13 15:52:53 - INFO - Input Text: nihao ,To: ('xpath', '//*[@id="kw"]')
2019/03/13 15:52:53 - INFO - Find element by: ('xpath', '//*[@id="su2"]')
2019/03/13 15:55:25 - INFO - Current driver is: chrome
2019/03/13 15:55:29 - INFO - Find element by: ('xpath', '//*[@id="kw"]')
2019/03/13 15:55:29 - INFO - Input Text: nihao ,To: ('xpath', '//*[@id="kw"]')
2019/03/13 15:55:29 - INFO - Find element by: ('xpath', '//*[@id="su2"]')
2019/03/13 15:55:39 - ERROR - Could not find Element by: ('xpath', '//*[@id="su2"]')
2019/03/13 15:56:09 - INFO - Current driver is: chrome
2019/03/13 15:56:12 - INFO - Find element by: ('xpath', '//*[@id="kw"]')
2019/03/13 15:56:12 - INFO - Input Text: nihao ,To: ('xpath', '//*[@id="kw"]')
2019/03/13 15:56:13 - INFO - Find element by: ('xpath', '//*[@id="su2"]')
2019/03/13 15:56:16 - ERROR - Could not find Element by: ('xpath', '//*[@id="su2"]')
2019/03/13 15:56:27 - INFO - Current driver is: chrome
2019/03/13 15:56:31 - INFO - Find element by: ('xpath', '//*[@id="kw"]')
2019/03/13 15:56:31 - INFO - Input Text: nihao ,To: ('xpath', '//*[@id="kw"]')
2019/03/13 15:56:31 - INFO - Find element by: ('xpath', '//*[@id="su2"]')
2019/03/13 15:56:34 - ERROR - Could not find Element by: ('xpath', '//*[@id="su2"]')
2019/03/13 15:57:37 - INFO - Current driver is: chrome
2019/03/13 15:57:40 - INFO - Find element by: ('xpath', '//*[@id="kw"]')
2019/03/13 15:57:40 - INFO - Input Text: nihao ,To: ('xpath', '//*[@id="kw"]')
2019/03/13 15:57:40 - INFO - Find element by: ('xpath', '//*[@id="su2"]')
2019/03/13 15:57:49 - INFO - Current driver is: chrome
2019/03/13 15:57:52 - INFO - Find element by: ('xpath', '//*[@id="kw"]')
2019/03/13 15:57:52 - INFO - Input Text: nihao ,To: ('xpath', '//*[@id="kw"]')
2019/03/13 15:57:52 - INFO - Find element by: ('xpath', '//*[@id="su2"]')
2019/03/13 15:57:56 - ERROR - Could not find Element by: ('xpath', '//*[@id="su2"]')
2019/03/13 15:59:00 - INFO - Current driver is: chrome
2019/03/13 15:59:03 - INFO - Find element by: ('xpath', '//*[@id="kw"]')
2019/03/13 15:59:11 - INFO - Current driver is: chrome
2019/03/13 15:59:14 - INFO - Find element by: ('xpath', '//*[@id="kw"]')
2019/03/13 15:59:14 - INFO - Input Text: nihao ,To: ('xpath', '//*[@id="kw"]')
2019/03/13 15:59:14 - INFO - Find element by: ('xpath', '//*[@id="su2"]')
2019/03/13 15:59:17 - ERROR - Could not find Element by: ('xpath', '//*[@id="su2"]')
2019/04/19 16:25:17 - INFO - 请求数据：
2019/04/19 16:25:30 - INFO - 请求数据：
2019/04/19 16:27:36 - INFO - 请求地址：http://test.shop.buckydrop.com/api/buckydrop/user/customer/employee/list
2019/04/19 16:27:36 - INFO - 请求数据：{'usrAccount': 'qvzn0123@163.com', 'usrPassword': 'Aa123456'}
2019/04/19 16:28:57 - INFO - 请求地址：http://test.shop.buckydrop.com/api/buckydrop/user/customer/employee/list
2019/04/19 16:28:57 - INFO - 请求数据：{'usrAccount': 'qvzn0123@163.com', 'usrPassword': 'Aa123456'}
2019/04/19 16:29:16 - INFO - 请求地址：http://test.shop.buckydrop.com/api/buckydrop/user/customer/employee/list
2019/04/19 16:29:16 - INFO - 请求数据：{'usrAccount': 'qvzn0123@163.com', 'usrPassword': 'Aa123456'}
2019/04/19 16:29:16 - INFO - 执行返回码：200
2019/04/19 16:42:49 - INFO - 请求地址：http://test.shop.buckydrop.com/api/buckydrop/user/customer/employee/list
2019/04/19 16:42:49 - INFO - 请求数据：{'usrAccount': 'qvzn0123@163.com', 'usrPassword': 'Aa123456'}
2019/04/19 16:43:46 - INFO - 请求地址：http://test.shop.buckydrop.com/api/buckydrop/user/customer/employee/list
2019/04/19 16:43:46 - INFO - 请求数据：{'usrAccount': 'qvzn0123@163.com', 'usrPassword': 'Aa123456'}
2019/04/19 16:43:46 - INFO - 执行返回码：200
2019/04/19 16:47:04 - INFO - 请求地址：http://test.shop.buckydrop.com/api/buckydrop/user/customer/employee/list
2019/04/19 16:47:08 - INFO - 请求地址：http://test.shop.buckydrop.com/api/buckydrop/user/customer/employee/list
2019/04/19 16:48:50 - INFO - 请求地址：http://test.shop.buckydrop.com/api/buckydrop/user/customer/employee/list
2019/04/19 16:48:50 - INFO - 请求数据：{'usrAccount': 'qvzn0123@163.com', 'usrPassword': 'Aa123456'}
2019/04/19 16:48:51 - INFO - 执行返回码：200
2019/04/19 16:49:24 - INFO - 请求地址：http://test.shop.buckydrop.com/api/buckydrop/user/customer/employee/list
2019/04/19 16:49:24 - INFO - 请求数据：{'usrAccount': 'qvzn0123@163.com', 'usrPassword': 'Aa123456'}
2019/04/19 16:49:24 - INFO - 执行返回码：200
2019/04/19 17:03:31 - INFO - 请求地址：http://test.shop.buckydrop.com/api/buckydrop/user/customer/employee/list
2019/04/19 17:03:31 - INFO - 请求数据：{'usrAccount': 'qvzn0123@163.com', 'usrPassword': 'Aa123456'}
2019/04/19 17:03:31 - INFO - 执行返回码：200
2019/04/19 17:05:05 - INFO - 请求地址：http://test.shop.buckydrop.com/api/buckydrop/user/customer/employee/list
2019/04/19 17:05:05 - INFO - 请求数据：{'usrAccount': 'qvzn0123@163.com', 'usrPassword': 'Aa123456'}
2019/04/19 17:05:06 - INFO - 执行返回码：200
2019/04/19 17:09:31 - INFO - 请求地址：http://test.shop.buckydrop.com/api/buckydrop/user/customer/employee/list
2019/04/19 17:09:31 - INFO - 请求数据：{'usrAccount': 'qvzn0123@163.com', 'usrPassword': 'Aa123456'}
2019/04/19 17:09:31 - INFO - 执行返回码：200
2019/04/19 17:10:40 - INFO - 请求地址：http://test.shop.buckydrop.com/api/buckydrop/user/customer/employee/list
2019/04/19 17:10:40 - INFO - 请求数据：{'usrAccount': 'qvzn0123@163.com', 'usrPassword': 'Aa123456'}
2019/04/19 17:10:40 - INFO - 执行返回码：200
2019/04/19 17:13:29 - INFO - 请求地址：http://test.shop.buckydrop.com/api/buckydrop/user/customer/employee/list
2019/04/19 17:13:29 - INFO - 请求数据：{'usrAccount': 'qvzn0123@163.com', 'usrPassword': 'Aa123456'}
2019/04/19 17:13:29 - INFO - 执行返回码：200
2019/04/19 17:14:40 - INFO - 请求地址：http://test.shop.buckydrop.com/api/buckydrop/user/customer/employee/list
2019/04/19 17:14:40 - INFO - 请求数据：{'usrAccount': 'qvzn0123@163.com', 'usrPassword': 'Aa123456'}
2019/04/19 17:14:40 - INFO - 执行返回码：200
2019/04/19 17:18:16 - INFO - 请求地址：http://test.shop.buckydrop.com/api/buckydrop/user/customer/employee/list
2019/04/19 17:18:16 - INFO - 请求数据：{'usrAccount': 'qvzn0123@163.com', 'usrPassword': 'Aa123456'}
2019/04/19 17:18:16 - INFO - 执行返回码：200
2019/04/19 18:08:29 - INFO - 请求地址：http://test.shop.buckydrop.com/api/buckydrop/user/customer/employee/list
2019/04/19 18:08:29 - INFO - 请求数据：{'usrAccount': 'qvzn0123@163.com', 'usrPassword': 'Aa123456'}
2019/04/19 18:08:29 - INFO - 执行返回码：200
2019/04/22 09:33:56 - INFO - 请求地址：http://test.shop.buckydrop.com/api/buckydrop/user/customer/employee/list
2019/04/22 09:33:56 - INFO - 请求数据：{'usrAccount': 'qvzn0123@163.com', 'usrPassword': 'Aa123456'}
2019/04/22 09:33:56 - INFO - 请求地址：http://test.shop.buckydrop.com/api/buckydrop/user/customer/employee/list
2019/04/22 09:33:56 - INFO - 请求数据：{'usrAccount': 'qvzn0123@163.com', 'usrPassword': 'Aa123456'}
2019/04/22 09:35:54 - INFO - 请求地址：http://test.shop.buckydrop.com/api/buckydrop/user/customer/employee/list
2019/04/22 09:35:54 - INFO - 请求数据：{'usrAccount': 'qvzn0123@163.com', 'usrPassword': 'Aa123456'}
2019/04/22 09:37:18 - INFO - 请求地址：http://test.shop.buckydrop.com/api/buckydrop/user/customer/employee/list
2019/04/22 09:37:18 - INFO - 请求数据：{'usrAccount': 'qvzn0123@163.com', 'usrPassword': '123321'}
2019/04/22 09:38:53 - INFO - 请求地址：http://test.shop.buckydrop.com/api/buckydrop/user/customer/employee/list
2019/04/22 09:38:53 - INFO - 请求数据：{'usrAccount': 'qvzn0123@163.com', 'usrPassword': '123321'}
2019/04/22 09:38:53 - INFO - 执行返回码：200
2019/04/22 09:39:25 - INFO - 请求地址：http://test.shop.buckydrop.com/api/buckydrop/user/customer/employee/list
2019/04/22 09:39:25 - INFO - 请求数据：{'usrAccount': 'qvzn0123@163.com', 'usrPassword': '123321'}
2019/04/22 09:39:25 - INFO - 执行返回码：200
2019/04/22 09:39:55 - INFO - 请求地址：http://test.shop.buckydrop.com/api/buckydrop/user/customer/employee/list
2019/04/22 09:39:55 - INFO - 请求数据：{'usrAccount': 'qvzn0123@163.com', 'usrPassword': '123321'}
2019/04/22 09:39:55 - INFO - 执行返回码：200
2019/04/22 09:45:43 - INFO - 请求地址：http://test.shop.buckydrop.com/api/buckydrop/user/customer/employee/list
2019/04/22 09:45:43 - INFO - 请求地址：http://test.shop.buckydrop.com/api/buckydrop/user/customer/employee/list
2019/04/22 09:45:43 - INFO - 请求数据：{'usrAccount': 'qvzn0123@163.com', 'usrPassword': '123321'}
2019/04/22 09:45:43 - INFO - 请求数据：{'usrAccount': 'qvzn0123@163.com', 'usrPassword': '123321'}
2019/04/22 09:45:43 - INFO - 执行返回码：200
2019/04/22 09:45:43 - INFO - 执行返回码：200
2019/04/22 09:47:51 - INFO - 请求地址：http://test.shop.buckydrop.com/api/buckydrop/user/customer/employee/list
2019/04/22 09:47:51 - INFO - 请求数据：{'usrAccount': 'qvzn0123@163.com', 'usrPassword': '123321'}
2019/04/22 09:47:51 - INFO - 执行返回码：200
2019/04/22 09:53:24 - INFO - 请求地址：http://test.shop.buckydrop.com/api/buckydrop/user/customer/employee/list
2019/04/22 09:53:24 - INFO - 请求数据：{'usrAccount': 'qvzn0123@163.com', 'usrPassword': '123321'}
2019/04/22 09:53:24 - INFO - 执行返回码：200
2019/04/22 09:54:58 - INFO - 请求地址：http://test.shop.buckydrop.com/api/buckydrop/user/customer/employee/list
2019/04/22 09:54:58 - INFO - 请求数据：{'usrAccount': 'qvzn0123@163.com', 'usrPassword': '123321'}
2019/04/22 09:54:59 - INFO - 执行返回码：200
2019/04/22 09:58:04 - INFO - 请求地址：http://test.shop.buckydrop.com/api/buckydrop/user/customer/employee/list
2019/04/22 09:58:04 - INFO - 请求数据：{'usrAccount': 'qvzn0123@163.com', 'usrPassword': '123321'}
2019/04/22 09:58:04 - INFO - 执行返回码：200
2019/04/22 10:01:53 - INFO - 请求地址：http://test.shop.buckydrop.com/api/buckydrop/user/customer/employee/list
2019/04/22 10:01:53 - INFO - 请求数据：{'usrAccount': 'qvzn0123@163.com', 'usrPassword': '123321'}
2019/04/22 10:01:53 - INFO - 执行返回码：200
2019/04/22 10:02:10 - INFO - 请求地址：http://test.shop.buckydrop.com/api/buckydrop/user/customer/employee/list
2019/04/22 10:02:10 - INFO - 请求数据：{'usrAccount': 'qvzn0123@163.com', 'usrPassword': '123321'}
2019/04/22 10:02:10 - INFO - 执行返回码：200
2019/04/22 10:02:40 - INFO - 请求地址：http://test.shop.buckydrop.com/api/buckydrop/user/customer/employee/list
2019/04/22 10:02:40 - INFO - 请求数据：{'usrAccount': 'qvzn0123@163.com', 'usrPassword': '123321'}
2019/04/22 10:02:40 - INFO - 执行返回码：200
2019/04/22 10:14:48 - INFO - 请求地址：http://test.shop.buckydrop.com/api/buckydrop/user/customer/employee/list
2019/04/22 10:14:48 - INFO - 请求数据：{'usrAccount': 'qvzn0123@163.com', 'usrPassword': '123321'}
2019/04/22 10:14:48 - INFO - 执行返回码：200
2019/04/22 10:15:46 - INFO - 请求地址：http://test.shop.buckydrop.com/api/buckydrop/user/customer/employee/list
2019/04/22 10:15:46 - INFO - 请求数据：{'usrAccount': 'qvzn0123@163.com', 'usrPassword': '123321'}
2019/04/22 10:15:46 - INFO - 执行返回码：200
2019/04/22 10:16:10 - INFO - 请求地址：http://test.shop.buckydrop.com/api/buckydrop/user/customer/employee/list
2019/04/22 10:16:10 - INFO - 请求数据：{'usrAccount': 'qvzn0123@163.com', 'usrPassword': '123321'}
2019/04/22 10:16:11 - INFO - 执行返回码：200
2019/04/22 10:52:58 - INFO - 请求地址：http://test.shop.buckydrop.com/api/buckydrop/user/customer/employee/list
2019/04/22 10:52:58 - INFO - 请求数据：{'usrAccount': 'qvzn0123@163.com', 'usrPassword': '123321'}
2019/04/22 10:52:58 - INFO - 执行返回码：200
2019/04/22 10:53:16 - INFO - 请求地址：http://test.shop.buckydrop.com/api/buckydrop/user/customer/employee/list
2019/04/22 10:53:16 - INFO - 请求数据：{'usrAccount': 'qvzn0123@163.com', 'usrPassword': '123321'}
2019/04/22 10:53:16 - INFO - 执行返回码：200
2019/04/22 13:28:19 - WARNING - 请求地址：http://test.shop.buckydrop.com/api/buckydrop/user/customer/employee/list
2019/04/22 13:28:19 - INFO - 请求数据：{'usrAccount': 'qvzn0123@163.com', 'usrPassword': '123321'}
2019/04/22 13:28:19 - INFO - 执行返回码：200
2019/04/22 13:29:01 - WARNING - 请求地址：http://test.shop.buckydrop.com/api/buckydrop/user/customer/employee/list
2019/04/22 13:29:01 - INFO - 请求数据：{'usrAccount': 'qvzn0123@163.com', 'usrPassword': '123321'}
2019/04/22 13:29:01 - INFO - 执行返回码：200
2019/04/22 13:29:47 - WARNING - 请求地址：http://test.shop.buckydrop.com/api/buckydrop/user/customer/employee/list
2019/04/22 13:29:47 - INFO - 请求数据：{'usrAccount': 'qvzn0123@163.com', 'usrPassword': '123321'}
2019/04/22 13:29:47 - INFO - 执行返回码：200
2019/04/22 14:08:08 - WARNING - 请求地址：http://test.shop.buckydrop.com/api/buckydrop/user/customer/employee/list
2019/04/22 14:08:08 - INFO - 请求数据：{'usrAccount': 'qvzn0123@163.com', 'usrPassword': '123321'}
2019/04/22 14:08:08 - INFO - 执行返回码：200
2019/04/22 14:10:08 - WARNING - 请求地址：http://test.shop.buckydrop.com/api/buckydrop/user/customer/employee/list
2019/04/22 14:10:08 - INFO - 请求数据：{'usrAccount': 'qvzn0123@163.com', 'usrPassword': '123321'}
2019/04/22 14:10:08 - INFO - 执行返回码：200
2019/04/22 14:10:27 - WARNING - 请求地址：http://test.shop.buckydrop.com/api/buckydrop/user/customer/employee/list
2019/04/22 14:10:27 - INFO - 请求数据：{'usrAccount': 'qvzn0123@163.com', 'usrPassword': '123321'}
2019/04/22 14:10:27 - INFO - 执行返回码：200
2019/04/22 14:10:34 - WARNING - 请求地址：http://test.shop.buckydrop.com/api/buckydrop/user/customer/employee/list
2019/04/22 14:10:34 - INFO - 请求数据：{'usrAccount': 'qvzn0123@163.com', 'usrPassword': '123321'}
2019/04/22 14:10:34 - INFO - 执行返回码：200
2019/04/22 14:10:48 - WARNING - 请求地址：http://test.shop.buckydrop.com/api/buckydrop/user/customer/employee/list
2019/04/22 14:10:48 - INFO - 请求数据：{'usrAccount': 'qvzn0123@163.com', 'usrPassword': '123321'}
2019/04/22 14:10:48 - INFO - 执行返回码：200
2019/04/22 14:12:46 - WARNING - 请求地址：http://test.shop.buckydrop.com/api/buckydrop/user/customer/employee/list
2019/04/22 14:12:46 - INFO - 请求数据：{'usrAccount': 'qvzn0123@163.com', 'usrPassword': '123321'}
2019/04/22 14:12:46 - INFO - 执行返回码：200
2019/04/22 14:13:13 - WARNING - 请求地址：http://test.shop.buckydrop.com/api/buckydrop/user/customer/employee/list
2019/04/22 14:13:13 - INFO - 请求数据：{'usrAccount': 'qvzn0123@163.com', 'usrPassword': '123321'}
2019/04/22 14:13:13 - INFO - 执行返回码：200
2019/04/22 14:13:21 - WARNING - 请求地址：http://test.shop.buckydrop.com/api/buckydrop/user/customer/employee/list
2019/04/22 14:13:21 - INFO - 请求数据：{'usrAccount': 'qvzn0123@163.com', 'usrPassword': '123321'}
2019/04/22 14:13:22 - INFO - 执行返回码：200
2019/04/22 14:13:46 - WARNING - 请求地址：http://test.shop.buckydrop.com/api/buckydrop/user/customer/employee/list
2019/04/22 14:13:46 - INFO - 请求数据：{'usrAccount': 'qvzn0123@163.com', 'usrPassword': '123321'}
2019/04/22 14:13:47 - INFO - 执行返回码：200
2019/04/22 14:14:26 - INFO - 请求地址：http://test.shop.buckydrop.com/api/buckydrop/user/customer/employee/list
2019/04/22 14:14:26 - INFO - 请求数据：{'usrAccount': 'qvzn0123@163.com', 'usrPassword': '123321'}
2019/04/22 14:14:26 - INFO - 执行返回码：200
2019/04/22 14:14:51 - INFO - 请求地址：http://test.shop.buckydrop.com/api/buckydrop/user/customer/employee/list
2019/04/22 14:14:51 - INFO - 请求数据：{'usrAccount': 'qvzn0123@163.com', 'usrPassword': '123321'}
2019/04/22 14:14:51 - INFO - 执行返回码：200
2019/04/22 14:26:05 - INFO - 请求地址：http://test.shop.buckydrop.com/api/buckydrop/user/customer/employee/list
2019/04/22 14:26:05 - INFO - 请求地址：http://test.shop.buckydrop.com/api/buckydrop/user/customer/employee/list
2019/04/22 14:26:05 - INFO - 请求数据：{'usrAccount': 'qvzn0123@163.com', 'usrPassword': '123321'}
2019/04/22 14:26:05 - INFO - 请求数据：{'usrAccount': 'qvzn0123@163.com', 'usrPassword': '123321'}
2019/04/22 14:26:05 - INFO - 执行返回码：200
2019/04/22 14:26:05 - INFO - 执行返回码：200
2019/04/22 14:26:35 - INFO - 请求地址：http://test.shop.buckydrop.com/api/buckydrop/user/customer/employee/list
2019/04/22 14:26:35 - INFO - 请求地址：http://test.shop.buckydrop.com/api/buckydrop/user/customer/employee/list
2019/04/22 14:26:35 - INFO - 请求数据：{'usrAccount': 'qvzn0123@163.com', 'usrPassword': '123321'}
2019/04/22 14:26:35 - INFO - 请求数据：{'usrAccount': 'qvzn0123@163.com', 'usrPassword': '123321'}
2019/04/22 14:26:35 - INFO - 执行返回码：200
2019/04/22 14:26:35 - INFO - 执行返回码：200
2019/04/22 14:26:59 - INFO - 请求地址：http://test.shop.buckydrop.com/api/buckydrop/user/customer/employee/list
2019/04/22 14:26:59 - INFO - 请求地址：http://test.shop.buckydrop.com/api/buckydrop/user/customer/employee/list
2019/04/22 14:26:59 - INFO - 请求数据：{'usrAccount': 'qvzn0123@163.com', 'usrPassword': '123321'}
2019/04/22 14:26:59 - INFO - 请求数据：{'usrAccount': 'qvzn0123@163.com', 'usrPassword': '123321'}
2019/04/22 14:26:59 - INFO - 执行返回码：200
2019/04/22 14:26:59 - INFO - 执行返回码：200
2019/04/22 14:27:20 - INFO - 请求地址：http://test.shop.buckydrop.com/api/buckydrop/user/customer/employee/list
2019/04/22 14:27:20 - INFO - 请求数据：{'usrAccount': 'qvzn0123@163.com', 'usrPassword': '123321'}
2019/04/22 14:27:20 - INFO - 执行返回码：200
2019/04/22 14:27:59 - INFO - 请求地址：http://test.shop.buckydrop.com/api/buckydrop/user/customer/employee/list
2019/04/22 14:27:59 - INFO - 请求地址：http://test.shop.buckydrop.com/api/buckydrop/user/customer/employee/list
2019/04/22 14:27:59 - INFO - 请求数据：{'usrAccount': 'qvzn0123@163.com', 'usrPassword': '123321'}
2019/04/22 14:27:59 - INFO - 请求数据：{'usrAccount': 'qvzn0123@163.com', 'usrPassword': '123321'}
2019/04/22 14:27:59 - INFO - 执行返回码：200
2019/04/22 14:27:59 - INFO - 执行返回码：200
2019/04/22 14:28:50 - INFO - 请求地址：http://test.shop.buckydrop.com/api/buckydrop/user/customer/employee/list
2019/04/22 14:28:50 - INFO - 请求地址：http://test.shop.buckydrop.com/api/buckydrop/user/customer/employee/list
2019/04/22 14:28:50 - INFO - 请求数据：{'usrAccount': 'qvzn0123@163.com', 'usrPassword': '123321'}
2019/04/22 14:28:50 - INFO - 请求数据：{'usrAccount': 'qvzn0123@163.com', 'usrPassword': '123321'}
2019/04/22 14:28:50 - INFO - 执行返回码：200
2019/04/22 14:28:50 - INFO - 执行返回码：200
2019/04/22 14:29:27 - INFO - 请求地址：http://test.shop.buckydrop.com/api/buckydrop/user/customer/employee/list
2019/04/22 14:29:27 - INFO - 请求地址：http://test.shop.buckydrop.com/api/buckydrop/user/customer/employee/list
2019/04/22 14:29:27 - INFO - 请求数据：{'usrAccount': 'qvzn0123@163.com', 'usrPassword': '123321'}
2019/04/22 14:29:27 - INFO - 请求数据：{'usrAccount': 'qvzn0123@163.com', 'usrPassword': '123321'}
2019/04/22 14:29:27 - INFO - 执行返回码：200
2019/04/22 14:29:27 - INFO - 执行返回码：200
2019/04/22 14:34:22 - INFO - 请求地址：http://test.shop.buckydrop.com/api/buckydrop/user/customer/employee/list
2019/04/22 14:34:22 - INFO - 请求地址：http://test.shop.buckydrop.com/api/buckydrop/user/customer/employee/list
2019/04/22 14:34:22 - INFO - 请求数据：{'usrAccount': 'qvzn0123@163.com', 'usrPassword': '123321'}
2019/04/22 14:34:22 - INFO - 请求数据：{'usrAccount': 'qvzn0123@163.com', 'usrPassword': '123321'}
2019/04/22 14:34:22 - INFO - 执行返回码：200
2019/04/22 14:34:22 - INFO - 执行返回码：200
2019/04/22 14:35:10 - INFO - 请求地址：http://test.shop.buckydrop.com/api/buckydrop/user/customer/employee/list
2019/04/22 14:35:10 - INFO - 请求数据：{'usrAccount': 'qvzn0123@163.com', 'usrPassword': '123321'}
2019/04/22 14:35:10 - INFO - 执行返回码：200
2019/04/22 14:36:22 - INFO - 请求地址：http://test.shop.buckydrop.com/api/buckydrop/user/customer/employee/list
2019/04/22 14:36:22 - INFO - 请求数据：{'usrAccount': 'qvzn0123@163.com', 'usrPassword': '123321'}
2019/04/22 14:36:22 - INFO - 执行返回码：200
2019/04/22 14:37:03 - INFO - 请求地址：http://test.shop.buckydrop.com/api/buckydrop/user/customer/employee/list
2019/04/22 14:37:03 - INFO - 请求数据：{'usrAccount': 'qvzn0123@163.com', 'usrPassword': '123321'}
2019/04/22 14:37:03 - INFO - 执行返回码：200
2019/04/22 14:37:49 - INFO - 
请求地址：http://test.shop.buckydrop.com/api/buckydrop/user/customer/employee/list
2019/04/22 14:37:49 - INFO - 请求数据：{'usrAccount': 'qvzn0123@163.com', 'usrPassword': '123321'}
2019/04/22 14:37:49 - INFO - 执行返回码：200
2019/04/22 14:48:23 - INFO - 
请求地址：http://test.shop.buckydrop.com/api/buckydrop/user/customer/employee/list
2019/04/22 14:48:23 - INFO - 请求数据：{'usrAccount': 'qvzn0123@163.com', 'usrPassword': '123321'}
2019/04/22 14:48:23 - INFO - 执行返回码：200
2019/04/22 14:49:23 - INFO - 
请求地址：http://test.shop.buckydrop.com/api/buckydrop/user/customer/employee/list
2019/04/22 14:49:23 - INFO - 请求数据：{'usrAccount': 'qvzn0123@163.com', 'usrPassword': '123321'}
2019/04/22 14:49:24 - INFO - 执行返回码：200
2019/04/22 14:50:34 - INFO - 请求地址：http://test.shop.buckydrop.com/api/buckydrop/user/customer/employee/list
2019/04/22 14:50:34 - INFO - 请求数据：{'usrAccount': 'qvzn0123@163.com', 'usrPassword': '123321'}
2019/04/22 14:50:34 - INFO - 执行返回码：200
2019/04/22 14:50:44 - INFO - 请求地址：http://test.shop.buckydrop.com/api/buckydrop/user/customer/employee/list
2019/04/22 14:50:44 - INFO - 请求数据：{'usrAccount': 'qvzn0123@163.com', 'usrPassword': '123321'}
2019/04/22 14:50:44 - INFO - 执行返回码：200
2019/04/22 14:51:03 - INFO - 请求地址：http://test.shop.buckydrop.com/api/buckydrop/user/customer/employee/list
2019/04/22 14:51:03 - INFO - 请求数据：{'usrAccount': 'qvzn0123@163.com', 'usrPassword': '123321'}
2019/04/22 14:51:04 - INFO - 执行返回码：200
2019/04/22 15:04:59 - INFO - 请求地址：()
2019/04/22 15:04:59 - INFO - 请求数据：{'lastName': 'lzbss5ci6934w2'}
2019/04/22 15:06:17 - INFO - 请求地址：()
2019/04/22 15:06:17 - INFO - 请求数据：{'lastName': 'lzbss5ci6934w2'}
2019/04/22 15:06:17 - INFO - 执行返回码：200
2019/04/22 15:11:33 - INFO - 请求地址：()
2019/04/22 15:11:33 - INFO - 请求数据：{'lastName': 'lzbss5ci6934w2'}
2019/04/22 15:11:33 - INFO - 执行返回码：200
2019/04/22 15:12:12 - INFO - 请求地址：()
2019/04/22 15:12:12 - INFO - 请求数据：{'lastName': 'lzbss5ci6934w2'}
2019/04/22 15:12:12 - INFO - 执行返回码：200
2019/04/22 15:13:24 - INFO - 请求地址：()
2019/04/22 15:13:24 - INFO - 请求数据：{'lastName': 'lzbss5ci6934w2'}
2019/04/22 15:13:24 - INFO - 执行返回码：200
2019/04/22 15:14:31 - INFO - 请求地址：()
2019/04/22 15:14:31 - INFO - 请求数据：{'lastName': 'lzbss5ci6934w2'}
2019/04/22 15:14:31 - INFO - 执行返回码：200
2019/04/22 15:15:19 - INFO - 请求地址：http://www.baidu.com
2019/04/22 15:15:19 - INFO - 请求数据：{'lastName': 'lzbss5ci6934w2'}
2019/04/22 15:15:19 - INFO - 执行返回码：200
2019/04/22 15:15:43 - INFO - 请求地址：http://test.shop.buckydrop.com/api/buckydrop/user/customer/employee/list
2019/04/22 15:15:43 - INFO - 请求数据：{'lastName': 'lzbss5ci6934w2'}
2019/04/22 15:15:43 - INFO - 执行返回码：200
2019/04/22 15:16:26 - INFO - 请求地址：http://test.shop.buckydrop.com/api/buckydrop/user/customer/employee/list
2019/04/22 15:16:26 - INFO - 请求数据：{'lastName': 'lzbss5ci6934w2'}
2019/04/22 15:16:26 - INFO - 执行返回码：200
2019/04/22 15:16:26 - INFO - 执行结果：{"success":false,"errKey":"","code":1,"info":"执行失败"}
2019/04/22 15:19:00 - INFO - 请求地址：http://test.shop.buckydrop.com/api/buckydrop/user/customer/employee/list
2019/04/22 15:19:00 - INFO - 请求数据：{'lastName': '123'}
2019/04/22 15:19:00 - INFO - 执行返回码：200
2019/04/22 15:19:00 - INFO - 执行结果：{"success":false,"errKey":"","code":1,"info":"执行失败"}
2019/04/22 15:20:38 - INFO - 请求地址：http://test.shop.buckydrop.com/api/buckydrop/user/customer/employee/list
2019/04/22 15:20:38 - INFO - 请求数据：{'lastName': '123'}
2019/04/22 15:20:38 - INFO - 执行返回码：200
2019/04/22 15:20:38 - INFO - 执行结果：{"success":false,"errKey":"","code":1,"info":"执行失败"}
2019/04/22 15:22:16 - INFO - 请求地址：http://test.shop.buckydrop.com/api/buckydrop/user/customer/employee/list
2019/04/22 15:22:16 - INFO - 请求数据：{'lastName': '123'}
2019/04/22 15:22:16 - INFO - 执行返回码：200
2019/04/22 15:22:16 - INFO - 执行结果：{"success":false,"errKey":"","code":1,"info":"执行失败"}
2019/04/22 15:22:23 - INFO - 请求地址：http://test.shop.buckydrop.com/api/buckydrop/user/customer/employee/list
2019/04/22 15:22:23 - INFO - 请求数据：{'lastName': '123'}
2019/04/22 15:22:23 - INFO - 执行返回码：200
2019/04/22 15:22:23 - INFO - 执行结果：{"success":false,"errKey":"","code":1,"info":"执行失败"}
2019/04/22 15:23:44 - INFO - 请求地址：http://test.shop.buckydrop.com/api/buckydrop/user/customer/employee/list
2019/04/22 15:23:44 - INFO - 请求数据：{'lastName': '123'}
2019/04/22 15:23:44 - INFO - {'json': {'lastName': '123'}}
2019/04/22 15:23:44 - INFO - 执行返回码：200
2019/04/22 15:23:44 - INFO - 执行结果：{"success":false,"errKey":"","code":1,"info":"执行失败"}
2019/04/22 15:25:43 - INFO - 请求地址：http://test.shop.buckydrop.com/api/buckydrop/user/customer/employee/list
2019/04/22 15:25:43 - INFO - 请求数据：{'lastName': '123'}
2019/04/22 15:25:43 - INFO - {'json': {'lastName': '123'}}
2019/04/22 15:25:43 - INFO - 执行返回码：200
2019/04/22 15:25:43 - INFO - 执行结果：{"success":false,"errKey":"","code":1,"info":"执行失败"}
2019/04/22 15:27:35 - INFO - 请求地址：http://test.shop.buckydrop.com/api/buckydrop/user/customer/employee/list
2019/04/22 15:27:35 - INFO - 请求数据：{'lastName': '123'}
2019/04/22 15:27:35 - INFO - {'json': {'lastName': '123'}}
2019/04/22 15:27:35 - INFO - 执行返回码：200
2019/04/22 15:27:35 - INFO - 执行结果：{"success":true,"data":[],"errKey":"","code":0,"info":"成功","currentTime":1555918055592}
2019/06/14 01:33:15 - INFO - 请求地址：http://test.shop.buckydrop.com/api/buckyshop/order/merchant/refund-confirm
2019/06/14 01:33:15 - INFO - 请求数据：{'confirmResult': 7, 'orderCode': '19OHr5C0KzX8L1WiT8CmGb', 'refuseReason': '不给退款，哈哈哈哈，霸王条款！'}
2019/06/14 01:33:16 - INFO - 执行返回码：200
2019/06/14 01:33:16 - INFO - 执行结果：{
	"code":20000001,
	"currentTime":1560447195906,
	"data":null,
	"errKey":"",
	"info":"参数异常",
	"success":false
}
2019/06/14 01:34:26 - INFO - 请求地址：http://test.shop.buckydrop.com/api/buckyshop/order/merchant/refund-confirm
2019/06/14 01:34:26 - INFO - 请求数据：{'confirmResult': 7, 'orderCode': '19OHr5C0KzX8L1WiT8CmGb', 'refuseReason': '不给退款，哈哈哈哈，霸王条款！'}
2019/06/14 01:34:26 - INFO - 执行返回码：200
2019/06/14 01:34:26 - INFO - 执行结果：{
	"code":20000001,
	"currentTime":1560447266110,
	"data":null,
	"errKey":"",
	"info":"参数异常",
	"success":false
}
2019/06/14 01:34:26 - INFO - 请求地址：http://test.shop.buckydrop.com/api/buckydrop/user/customer/employee/list
2019/06/14 01:34:26 - INFO - 请求数据：{'lastName': '123'}
